forecast date; prob_fore (1); prob_insample(1); in-sample comparison(1); versus ECRI(1) ; ECRI; versus PDS(1) ;PDS ; versus PDS(1) ;PDS
2001.00  0.78  1.00  1.00  1.00  1.00  1.00  1.00  1.00  1.00 
2001.25  0.94  1.00  1.00  1.00  1.00  1.00  1.00  1.00  1.00 
2001.50  0.88  1.00  1.00  1.00  1.00  1.00  1.00  1.00  1.00 
2001.75  0.72  1.00  1.00  1.00  1.00  1.00  1.00  1.00  1.00 
 
2001.25  1.00  1.00  1.00  1.00  1.00  1.00  1.00  1.00  1.00 
2001.50  0.84  1.00  1.00  1.00  1.00  1.00  1.00  1.00  1.00 
2001.75  0.66  1.00  1.00  1.00  1.00  1.00  1.00  1.00  1.00 
2002.00  0.55  1.00  1.00  0.00  0.00  1.00  1.00  1.00  1.00 
 
2001.50  1.00  1.00  1.00  1.00  1.00  1.00  1.00  1.00  1.00 
2001.75  0.85  1.00  1.00  1.00  1.00  1.00  1.00  1.00  1.00 
2002.00  0.69  1.00  1.00  0.00  0.00  1.00  1.00  1.00  1.00 
2002.25  0.55  0.45  0.00  0.00  0.00  0.00  0.00  0.00  0.00 
 
2001.75  1.00  1.00  1.00  1.00  1.00  1.00  1.00  1.00  1.00 
2002.00  0.82  1.00  1.00  0.00  0.00  1.00  1.00  1.00  1.00 
2002.25  0.65  0.45  0.00  0.00  0.00  0.00  0.00  0.00  0.00 
2002.50  0.51  0.27  0.00  0.00  0.00  0.00  0.00  0.00  0.00 
 
2002.00  1.00  1.00  1.00  0.00  0.00  1.00  1.00  1.00  1.00 
2002.25  0.84  0.45  0.00  0.00  0.00  0.00  0.00  0.00  0.00 
2002.50  0.66  0.27  0.00  0.00  0.00  0.00  0.00  0.00  0.00 
2002.75  0.52  0.49  0.00  0.00  0.00  0.00  0.00  0.00  0.00 
 
2002.25  0.29  0.45  1.00  1.00  0.00  1.00  0.00  1.00  0.00 
2002.50  0.07  0.27  1.00  1.00  0.00  1.00  0.00  1.00  0.00 
2002.75  0.10  0.49  1.00  1.00  0.00  1.00  0.00  1.00  0.00 
2003.00  0.19  0.43  1.00  1.00  0.00  1.00  0.00  1.00  0.00 
 
2002.50  0.00  0.27  1.00  1.00  0.00  1.00  0.00  1.00  0.00 
2002.75  0.11  0.49  1.00  1.00  0.00  1.00  0.00  1.00  0.00 
2003.00  0.24  0.43  1.00  1.00  0.00  1.00  0.00  1.00  0.00 
2003.25  0.35  0.37  1.00  0.00  1.00  1.00  0.00  1.00  0.00 
 
2002.75  0.00  0.49  1.00  1.00  0.00  1.00  0.00  1.00  0.00 
2003.00  0.13  0.43  1.00  1.00  0.00  1.00  0.00  1.00  0.00 
2003.25  0.25  0.37  1.00  0.00  1.00  1.00  0.00  1.00  0.00 
2003.50  0.33  0.00  1.00  0.00  1.00  1.00  0.00  1.00  0.00 
 
2003.00  0.00  0.43  1.00  1.00  0.00  1.00  0.00  1.00  0.00 
2003.25  0.14  0.37  1.00  0.00  1.00  1.00  0.00  1.00  0.00 
2003.50  0.26  0.00  1.00  0.00  1.00  1.00  0.00  1.00  0.00 
2003.75  0.35  0.00  1.00  0.00  1.00  1.00  0.00  1.00  0.00 
 
2003.25  0.00  0.37  1.00  0.00  1.00  1.00  0.00  1.00  0.00 
2003.50  0.11  0.00  1.00  0.00  1.00  1.00  0.00  1.00  0.00 
2003.75  0.23  0.00  1.00  0.00  1.00  1.00  0.00  1.00  0.00 
2004.00  0.32  0.00  1.00  1.00  0.00  1.00  0.00  1.00  0.00 
 
2003.50  0.00  0.00  1.00  0.00  1.00  1.00  0.00  1.00  0.00 
2003.75  0.12  0.00  1.00  0.00  1.00  1.00  0.00  1.00  0.00 
2004.00  0.24  0.00  1.00  1.00  0.00  1.00  0.00  1.00  0.00 
2004.25  0.33  0.00  1.00  1.00  0.00  1.00  0.00  1.00  0.00 
 
2003.75  0.00  0.00  1.00  0.00  1.00  1.00  0.00  1.00  0.00 
2004.00  0.11  0.00  1.00  1.00  0.00  1.00  0.00  1.00  0.00 
2004.25  0.23  0.00  1.00  1.00  0.00  1.00  0.00  1.00  0.00 
2004.50  0.35  0.00  1.00  1.00  0.00  1.00  0.00  1.00  0.00 
 
2004.00  0.00  0.00  1.00  1.00  0.00  1.00  0.00  1.00  0.00 
2004.25  0.11  0.00  1.00  1.00  0.00  1.00  0.00  1.00  0.00 
2004.50  0.23  0.00  1.00  1.00  0.00  1.00  0.00  1.00  0.00 
2004.75  0.33  0.00  1.00  0.00  1.00  1.00  0.00  1.00  0.00 
 
2004.25  0.00  0.00  1.00  1.00  0.00  1.00  0.00  1.00  0.00 
2004.50  0.12  0.00  1.00  1.00  0.00  1.00  0.00  1.00  0.00 
2004.75  0.23  0.00  1.00  0.00  1.00  1.00  0.00  1.00  0.00 
2005.00  0.33  0.00  1.00  0.00  1.00  1.00  0.00  1.00  0.00 
 
2004.50  0.00  0.00  1.00  1.00  0.00  1.00  0.00  1.00  0.00 
2004.75  0.11  0.00  1.00  0.00  1.00  1.00  0.00  1.00  0.00 
2005.00  0.25  0.00  1.00  0.00  1.00  1.00  0.00  1.00  0.00 
2005.25  0.34  0.00  1.00  0.00  1.00  1.00  0.00  1.00  0.00 
 
2004.75  0.00  0.00  1.00  0.00  1.00  1.00  0.00  1.00  0.00 
2005.00  0.12  0.00  1.00  0.00  1.00  1.00  0.00  1.00  0.00 
2005.25  0.22  0.00  1.00  0.00  1.00  1.00  0.00  1.00  0.00 
2005.50  0.32  0.00  1.00  0.00  1.00  1.00  0.00  1.00  0.00 
 
2005.00  0.00  0.00  1.00  0.00  1.00  1.00  0.00  1.00  0.00 
2005.25  0.11  0.00  1.00  0.00  1.00  1.00  0.00  1.00  0.00 
2005.50  0.24  0.00  1.00  0.00  1.00  1.00  0.00  1.00  0.00 
2005.75  0.32  0.00  1.00  0.00  1.00  1.00  0.00  1.00  0.00 
 
2005.25  0.00  0.00  1.00  0.00  1.00  1.00  0.00  1.00  0.00 
2005.50  0.12  0.00  1.00  0.00  1.00  1.00  0.00  1.00  0.00 
2005.75  0.23  0.00  1.00  0.00  1.00  1.00  0.00  1.00  0.00 
2006.00  0.32  0.00  1.00  0.00  1.00  1.00  0.00  1.00  0.00 
 
2005.50  0.00  0.00  1.00  0.00  1.00  1.00  0.00  1.00  0.00 
2005.75  0.12  0.00  1.00  0.00  1.00  1.00  0.00  1.00  0.00 
2006.00  0.25  0.00  1.00  0.00  1.00  1.00  0.00  1.00  0.00 
2006.25  0.33  0.00  1.00  0.00  1.00  1.00  0.00  1.00  0.00 
 
2005.75  0.00  0.00  1.00  0.00  1.00  1.00  0.00  1.00  0.00 
2006.00  0.11  0.00  1.00  0.00  1.00  1.00  0.00  1.00  0.00 
2006.25  0.24  0.00  1.00  0.00  1.00  1.00  0.00  1.00  0.00 
2006.50  0.34  0.00  1.00  0.00  1.00  1.00  0.00  1.00  0.00 
 
2006.00  0.00  0.00  1.00  0.00  1.00  1.00  0.00  1.00  0.00 
2006.25  0.12  0.00  1.00  0.00  1.00  1.00  0.00  1.00  0.00 
2006.50  0.26  0.00  1.00  0.00  1.00  1.00  0.00  1.00  0.00 
2006.75  0.33  0.00  1.00  0.00  1.00  1.00  0.00  1.00  0.00 
 
2006.25  0.00  0.00  1.00  0.00  1.00  1.00  0.00  1.00  0.00 
2006.50  0.12  0.00  1.00  0.00  1.00  1.00  0.00  1.00  0.00 
2006.75  0.24  0.00  1.00  0.00  1.00  1.00  0.00  1.00  0.00 
2007.00  0.34   NaN  1.00  1.00   NaN  1.00   NaN  1.00   NaN 
 
2006.50  0.00  0.00  1.00  0.00  1.00  1.00  0.00  1.00  0.00 
2006.75  0.13  0.00  1.00  0.00  1.00  1.00  0.00  1.00  0.00 
2007.00  0.26   NaN  1.00  1.00   NaN  1.00   NaN  1.00   NaN 
2007.25  0.36   NaN  1.00  1.00   NaN  1.00   NaN  1.00   NaN 
 
2006.75  0.00  0.00  1.00  0.00  1.00  1.00  0.00  1.00  0.00 
2007.00  0.11   NaN  1.00  1.00   NaN  1.00   NaN  1.00   NaN 
2007.25  0.25   NaN  1.00  1.00   NaN  1.00   NaN  1.00   NaN 
2007.50  0.34   NaN  1.00  1.00   NaN  1.00   NaN  1.00   NaN 
 
2007.00  0.00   NaN  1.00  1.00   NaN  1.00   NaN  1.00   NaN 
2007.25  0.14   NaN  1.00  1.00   NaN  1.00   NaN  1.00   NaN 
2007.50  0.25   NaN  1.00  1.00   NaN  1.00   NaN  1.00   NaN 
2007.75  0.34   NaN  1.00  1.00   NaN  1.00   NaN  1.00   NaN 
 

unconditional probabilities of being in state 2, 1 and 2 periods ahead 
 1.00  0.86
 0.83  0.71

probability of reaching state 4, 1 and 2 periods ahead 
 0.83  0.71
probability of reaching state 3, 1 and 2 periods ahead 
 0.17  0.15
probability of reaching state 1, 1 and 2 periods ahead 
 0.00  0.14
probability of reaching state 2, 1 and 2 periods ahead 
 0.00  0.00
